[35;1m"POST /create_receiver/ HTTP/1.1" 500 97682[0m
[35;1m"GET /dashboard_payment/ HTTP/1.1" 500 78933[0m
[35;1m"GET /list_receivers/ HTTP/1.1" 500 88047[0m
[35;1m"GET /list_receivers/ HTTP/1.1" 500 87890[0m
[35;1m"GET /list_receivers/ HTTP/1.1" 500 87890[0m
[35;1m"POST /create_owner_type/ HTTP/1.1" 500 180497[0m
[35;1m"GET /admin/modern/owner/ HTTP/1.1" 500 233832[0m
[35;1m"POST /create_owner_type/ HTTP/1.1" 500 91719[0m
[35;1m"GET /list_owner_type/ HTTP/1.1" 500 245797[0m
[35;1m"GET /list_owner_type/ HTTP/1.1" 500 245954[0m
[35;1m"GET /admin/modern/owner/ HTTP/1.1" 500 234041[0m
[35;1m"POST /admin/modern/ownertype/ HTTP/1.1" 500 240715[0m
[35;1m"GET /admin/modern/owner/ HTTP/1.1" 500 234058[0m
[35;1m"GET /list_owner/ HTTP/1.1" 500 169898[0m
[35;1m"GET /list_owner/ HTTP/1.1" 500 169898[0m
[35;1m"GET /owner_detail/1/ HTTP/1.1" 500 176420[0m
[35;1m"GET /about/ HTTP/1.1" 500 183915[0m
[35;1m"GET /about/ HTTP/1.1" 500 183872[0m
[35;1m"GET /about/ HTTP/1.1" 500 183872[0m
[35;1m"GET /about/ HTTP/1.1" 500 157818[0m
[35;1m"GET /about/ HTTP/1.1" 500 183388[0m
[35;1m"GET /about/ HTTP/1.1" 500 171966[0m
[35;1m"GET /owner_detail/1/ HTTP/1.1" 500 68081[0m
[35;1m"GET /owner_detail/1/ HTTP/1.1" 500 67924[0m
[35;1m"GET /owner_detail/1/ HTTP/1.1" 500 68081[0m
[35;1m"GET /owner/1/ HTTP/1.1" 500 67861[0m
[35;1m"GET /owner/1/ HTTP/1.1" 500 67861[0m
[35;1m"GET /owner_detail/1/ HTTP/1.1" 500 67924[0m
[35;1m"GET /owner_detail/1/ HTTP/1.1" 500 174792[0m
[35;1m"GET /owner_detail/1/ HTTP/1.1" 500 176192[0m
[35;1m"GET /owner_detail/1/ HTTP/1.1" 500 176192[0m
[35;1m"GET /owner_detail/1/ HTTP/1.1" 500 176349[0m
[35;1m"GET /owner_detail/1/ HTTP/1.1" 500 174655[0m
[35;1m"GET /owner_detail/1/ HTTP/1.1" 500 174812[0m
[35;1m"GET /owner_detail/1/ HTTP/1.1" 500 174655[0m
[35;1m"GET /owner_detail/1/ HTTP/1.1" 500 174812[0m
[35;1m"GET /owner_detail/1/ HTTP/1.1" 500 174655[0m
[35;1m"GET /owner_detail/1/ HTTP/1.1" 500 174812[0m
[35;1m"GET /owner_detail/1/ HTTP/1.1" 500 174655[0m
[35;1m"GET /owner_detail/1/ HTTP/1.1" 500 174812[0m
[35;1m"GET /owner_detail/1/ HTTP/1.1" 500 174812[0m
[35;1m"GET /owner_detail/1/ HTTP/1.1" 500 174655[0m
[35;1m"GET /owner_detail/1/ HTTP/1.1" 500 174812[0m
[35;1m"GET /owner_detail/1/ HTTP/1.1" 500 174806[0m
[35;1m"POST /create_owner/ HTTP/1.1" 500 78056[0m
[35;1m"GET /get_owner_data/?owner_id=1 HTTP/1.1" 500 81323[0m
[35;1m"GET /get_owner_data/?owner_id=1 HTTP/1.1" 500 81323[0m
[35;1m"GET /get_owner_data/?owner_id=1 HTTP/1.1" 500 81323[0m
[35;1m"GET /get_owner_data/?owner_id=1 HTTP/1.1" 500 81323[0m
[35;1m"GET /get_owner_data/?owner_id=1 HTTP/1.1" 500 81323[0m
[35;1m"GET /get_owner_data/?owner_id=1 HTTP/1.1" 500 81323[0m
[35;1m"GET /get_owner_data/?owner_id=1 HTTP/1.1" 500 81323[0m
[35;1m"GET /get_owner_data/?owner_id=1 HTTP/1.1" 500 81323[0m
[35;1m"GET /account/unauthorized/ HTTP/1.1" 500 87770[0m
[35;1m"POST /account/user_create/ HTTP/1.1" 500 102750[0m
[35;1m"GET /get_owner_data/?owner_id=2 HTTP/1.1" 500 72887[0m
[35;1m"GET /get_owner_data/?owner_id=2 HTTP/1.1" 500 72887[0m
[35;1m"GET /admin/modern/receiver/ HTTP/1.1" 500 463452[0m
[35;1m"GET /dashboard_register/ HTTP/1.1" 500 201272[0m
[35;1m"GET /dashboard_register/ HTTP/1.1" 500 201103[0m
[35;1m"GET /dashboard_register/ HTTP/1.1" 500 200545[0m
[35;1m"GET /dashboard_register/ HTTP/1.1" 500 81548[0m
[35;1m"GET /dashboard_register/ HTTP/1.1" 500 81391[0m
[35;1m"GET /dashboard_register/ HTTP/1.1" 500 81441[0m
[35;1m"GET /create_owner/ HTTP/1.1" 500 190648[0m
[35;1m"GET /admin/modern/changelog/ HTTP/1.1" 500 225253[0m
[35;1m"POST /create_owner/ HTTP/1.1" 500 82944[0m
[35;1m"POST /create_owner/ HTTP/1.1" 500 206896[0m
[35;1m"GET /account/logout/ HTTP/1.1" 500 214131[0m
[35;1m"GET /account/logout/ HTTP/1.1" 500 214131[0m
[35;1m"GET /admin/modern/changelog/ HTTP/1.1" 500 472177[0m
[35;1m"GET /account/logout/ HTTP/1.1" 500 215444[0m
[35;1m"POST /account/login/?next=/account/logout/ HTTP/1.1" 500 213337[0m
[35;1m"POST /account/login/ HTTP/1.1" 500 212816[0m
[35;1m"POST /account/login/ HTTP/1.1" 500 212859[0m
[35;1m"POST /account/login/ HTTP/1.1" 500 212810[0m
[35;1m"POST /create_owner/ HTTP/1.1" 500 82695[0m
[35;1m"POST /create_owner/ HTTP/1.1" 500 83025[0m
[35;1m"POST /create_owner/ HTTP/1.1" 500 82963[0m
[35;1m"POST /account/login/?next=/create_owner/ HTTP/1.1" 500 204989[0m
[35;1m"POST /account/login/ HTTP/1.1" 500 204551[0m
[35;1m"POST /account/login/ HTTP/1.1" 500 205228[0m
[35;1m"POST /account/login/ HTTP/1.1" 500 204784[0m
[35;1m"POST /account/login/ HTTP/1.1" 500 204843[0m
[35;1m"POST /account/login/ HTTP/1.1" 500 72980[0m
[35;1m"GET /dashboard_register/ HTTP/1.1" 500 83925[0m
[35;1m"GET /list_register_test1/ HTTP/1.1" 500 78000[0m
[35;1m"GET /list_register_test HTTP/1.1" 500 82926[0m
[35;1m"GET /list_register_test HTTP/1.1" 500 79842[0m
[35;1m"GET /list_register_test HTTP/1.1" 500 96922[0m
[35;1m"GET /list_register_test HTTP/1.1" 500 89529[0m
[35;1m"GET /list_register_test HTTP/1.1" 500 217295[0m
[35;1m"GET /payment_list HTTP/1.1" 500 79147[0m
[35;1m"GET /list_registers_part1 HTTP/1.1" 500 97798[0m
[35;1m"GET /list_registers_part1 HTTP/1.1" 500 97606[0m
[35;1m"GET /list_registers_part1 HTTP/1.1" 500 97606[0m
[35;1m"GET /list_registers_part1 HTTP/1.1" 500 80329[0m
[35;1m"GET /list_registers_part1 HTTP/1.1" 500 81205[0m
[35;1m"GET /list_registers_part1 HTTP/1.1" 500 80951[0m
[35;1m"GET /list_registers_part1 HTTP/1.1" 500 81315[0m
[35;1m"GET /list_registers_part1 HTTP/1.1" 500 81199[0m
[35;1m"GET /list_registers_part1 HTTP/1.1" 500 82728[0m
[35;1m"GET /list_registers_part1 HTTP/1.1" 500 80315[0m
[35;1m"GET /list_registers_part1 HTTP/1.1" 500 82625[0m
[35;1m"GET /list_registers_part1 HTTP/1.1" 500 80568[0m
[35;1m"GET /register_balance HTTP/1.1" 500 78889[0m
[35;1m"GET /register_balance HTTP/1.1" 500 78701[0m
[35;1m"GET /register_balance HTTP/1.1" 500 81314[0m
[35;1m"GET /register_balance HTTP/1.1" 500 81750[0m
[35;1m"GET /list_register_test HTTP/1.1" 500 78739[0m
[35;1m"GET /list_register_test HTTP/1.1" 500 78739[0m
[35;1m"GET /list_register_test HTTP/1.1" 500 81470[0m
[35;1m"GET /list_register_test HTTP/1.1" 500 81664[0m
[35;1m"GET /list_register_test HTTP/1.1" 500 78739[0m
[35;1m"GET /list_register_test HTTP/1.1" 500 78739[0m
[35;1m"GET /list_register_test HTTP/1.1" 500 78739[0m
[35;1m"GET /list_register_test HTTP/1.1" 500 78929[0m
[35;1m"GET /list_register_test HTTP/1.1" 500 78739[0m
[35;1m"GET /list_register_test HTTP/1.1" 500 78739[0m
[35;1m"GET /list_register_test HTTP/1.1" 500 78739[0m
[35;1m"GET /list_register_test HTTP/1.1" 500 81341[0m
[35;1m"GET /list_register_test HTTP/1.1" 500 81595[0m
[35;1m"GET /list_register_test HTTP/1.1" 500 81595[0m
[35;1m"GET /list_register_test HTTP/1.1" 500 81595[0m
[35;1m"GET /list_register_test HTTP/1.1" 500 78739[0m
[35;1m"GET /list_register_test HTTP/1.1" 500 78739[0m
[35;1m"GET /list_register_test HTTP/1.1" 500 81695[0m
[35;1m"GET /list_register_test HTTP/1.1" 500 78739[0m
[35;1m"GET /list_register_test HTTP/1.1" 500 78916[0m
[35;1m"GET /list_register_test HTTP/1.1" 500 78903[0m
[35;1m"GET /list_register_test HTTP/1.1" 500 80796[0m
[35;1m"GET /list_register_test HTTP/1.1" 500 78739[0m
[35;1m"GET /list_register_test HTTP/1.1" 500 78739[0m
[35;1m"GET /list_register_test HTTP/1.1" 500 78739[0m
[35;1m"GET /list_register_test HTTP/1.1" 500 79687[0m
[35;1m"GET /list_register_test HTTP/1.1" 500 79542[0m
[35;1m"GET /list_register_test HTTP/1.1" 500 79950[0m
[35;1m"GET /list_register_test HTTP/1.1" 500 79984[0m
[35;1m"GET /list_register_test HTTP/1.1" 500 80115[0m
[35;1m"GET /list_register_test HTTP/1.1" 500 78739[0m
[35;1m"POST /account/login/?next=/list_register_test HTTP/1.1" 500 204092[0m
[35;1m"POST /account/login/?next=/list_register_test HTTP/1.1" 500 204092[0m
[35;1m"POST /account/login/?next=/list_register_test HTTP/1.1" 500 203032[0m
[35;1m"GET /register_balance HTTP/1.1" 500 191286[0m
[35;1m"GET /register_balance HTTP/1.1" 500 226994[0m
[35;1m"GET /register_balance HTTP/1.1" 500 191480[0m
[35;1m"GET /register_balance HTTP/1.1" 500 191488[0m
[35;1m"GET /register_balance HTTP/1.1" 500 191558[0m
[35;1m"GET /register_balance HTTP/1.1" 500 191767[0m
[35;1m"GET /register_balance HTTP/1.1" 500 191933[0m
[35;1m"GET /register_balance HTTP/1.1" 500 191489[0m
[35;1m"GET /list_register_test HTTP/1.1" 500 218630[0m
[35;1m"GET /list_register_test HTTP/1.1" 500 231630[0m
[35;1m"GET /list_register_test HTTP/1.1" 500 216256[0m
[35;1m"GET /list_register_test HTTP/1.1" 500 261264[0m
[35;1m"GET /list_register_test HTTP/1.1" 500 333513[0m
[35;1m"GET /list_register_test HTTP/1.1" 500 312667[0m
[35;1m"GET /list_register_test HTTP/1.1" 500 309742[0m
[35;1m"GET /list_register_test HTTP/1.1" 500 341236[0m
[35;1m"GET /list_register_test HTTP/1.1" 500 343839[0m
[35;1m"GET /list_register_test1/ HTTP/1.1" 500 75595[0m
[35;1m"GET /list_register_test1/ HTTP/1.1" 500 75620[0m
[35;1m"GET /list_register_test1/ HTTP/1.1" 500 247185[0m
[35;1m"GET /list_register_test1/ HTTP/1.1" 500 260283[0m
[35;1m"GET /list_register_test1/ HTTP/1.1" 500 260259[0m
[35;1m"GET /list_register_test1/ HTTP/1.1" 500 260189[0m
[35;1m"GET /list_register_test1/ HTTP/1.1" 500 260223[0m
[35;1m"GET /list_register_test1/ HTTP/1.1" 500 259727[0m
[35;1m"GET /list_register_test1/ HTTP/1.1" 500 75455[0m
[35;1m"GET /list_register_test1/ HTTP/1.1" 500 238450[0m
[35;1m"GET /list_register_test1/ HTTP/1.1" 500 237881[0m
[35;1m"GET /list_registers_part1 HTTP/1.1" 500 81691[0m
[35;1m"GET /list_registers_part1 HTTP/1.1" 500 81699[0m
[35;1m"GET /list_registers_part1 HTTP/1.1" 500 82129[0m
[35;1m"POST /account/login/?next=/list_registers_part1 HTTP/1.1" 500 202984[0m
[35;1m"POST /account/login/?next=/ground HTTP/1.1" 500 202587[0m
[35;1m"GET /list_registers_part1 HTTP/1.1" 500 80898[0m
[35;1m"GET /list_registers_part1 HTTP/1.1" 500 80871[0m
[35;1m"GET /list_registers_part1 HTTP/1.1" 500 80871[0m
[35;1m"GET /list_registers_part1 HTTP/1.1" 500 80917[0m
[35;1m"GET /ground HTTP/1.1" 500 204595[0m
